
> highlight-cutter-frontend@ dev /Users/q/Desktop/work/highlight/apps/highlight-cutter/frontend
> max dev

info  - [你知道吗？] 编写 src/loading.(jsx|tsx) 可以自定义页面的加载动画。
info  - Umi v4.6.68
info  - Preparing...
info  - MFSU eager strategy enabled
info  - [MFSU][eager] restored cache
[HPM] Proxy created: /api  -> http://127.0.0.1:8765
[HPM] Proxy created: /publish-api  -> http://127.0.0.1:5409
[HPM] Proxy rewrite rule created: "^/publish-api" ~> "/api"
event - [MFSU][eager] start build deps
info  - [MFSU] buildDeps since dependencies changed
        ╔════════════════════════════════════════════════════╗
        ║ App listening at:                                  ║
        ║  >   Local: http://127.0.0.1:8001                  ║
ready - ║  > Network: http://192.168.5.82:8001               ║
        ║                                                    ║
        ║ Now you can open browser with the above addresses↑ ║
        ╚════════════════════════════════════════════════════╝
info  - [MFSU][eager] worker init, takes 835ms
info  - [MFSU][eager] build worker start to build
event - [Webpack] Compiled in 1828 ms (362 modules)
wait  - [Webpack] Compiling...
event - [Webpack] Compiled in 111 ms (362 modules)
event - [Webpack] Compiled in 4814 ms (3742 modules)
info  - [MFSU][eager] write cache
info  - [MFSU] buildDepsAgain
info  - [MFSU] skip buildDeps
